c:\users\dvagholk\onedrive - purdue.edu\spring 20\cs 590\surface of revolution tb - copy (2)\debug\vc141.pdb
c:\users\dvagholk\onedrive - purdue.edu\spring 20\cs 590\lab03\debug\vc141.pdb
c:\users\dvagholk\onedrive - purdue.edu\spring 20\cs 590\lab03\debug\vc141.idb
c:\users\dvagholk\onedrive - purdue.edu\spring 20\cs 590\lab03\debug\main.obj
c:\users\dvagholk\onedrive - purdue.edu\spring 20\cs 590\lab03\debug\helper.obj
c:\users\dvagholk\onedrive - purdue.edu\spring 20\cs 590\lab03\debug\triangle.obj
c:\users\dvagholk\onedrive - purdue.edu\spring 20\cs 590\lab03\debug\vect3d.obj
c:\users\dvagholk\onedrive - purdue.edu\spring 20\cs 590\lab03\debug\objgen.obj
c:\users\dvagholk\onedrive - purdue.edu\spring 20\cs 590\lab03\debug\plygen.obj
c:\users\dvagholk\onedrive - purdue.edu\spring 20\cs 590\surface of revolution tb - copy (2)\debug\lab3.exe
c:\users\dvagholk\onedrive - purdue.edu\spring 20\cs 590\surface of revolution tb - copy (2)\debug\lab3.ilk
c:\users\dvagholk\onedrive - purdue.edu\spring 20\cs 590\surface of revolution tb - copy (2)\debug\lab3.pdb
c:\users\dvagholk\onedrive - purdue.edu\spring 20\cs 590\lab03\debug\lab3.exe
c:\users\dvagholk\onedrive - purdue.edu\spring 20\cs 590\lab03\debug\lab3.ilk
c:\users\dvagholk\onedrive - purdue.edu\spring 20\cs 590\lab03\debug\lab3.pdb
c:\users\devas\onedrive - purdue.edu\spring 20\cs 590\lab03\debug\helper.obj
c:\users\devas\onedrive - purdue.edu\spring 20\cs 590\lab03\debug\main.obj
c:\users\devas\onedrive - purdue.edu\spring 20\cs 590\lab03\debug\objgen.obj
c:\users\devas\onedrive - purdue.edu\spring 20\cs 590\lab03\debug\plygen.obj
c:\users\devas\onedrive - purdue.edu\spring 20\cs 590\lab03\debug\source.obj
c:\users\devas\onedrive - purdue.edu\spring 20\cs 590\lab03\debug\triangle.obj
c:\users\devas\onedrive - purdue.edu\spring 20\cs 590\lab03\debug\vect3d.obj
c:\users\devas\onedrive - purdue.edu\spring 20\cs 590\lab03\debug\lab3.ilk
c:\users\devas\onedrive - purdue.edu\spring 20\cs 590\lab03\debug\sample.ilk
c:\users\devas\onedrive - purdue.edu\spring 20\cs 590\lab03\debug\vc141.idb
c:\users\devas\onedrive - purdue.edu\spring 20\cs 590\lab03\debug\lab3.pdb
c:\users\devas\onedrive - purdue.edu\spring 20\cs 590\lab03\debug\sample.pdb
c:\users\devas\onedrive - purdue.edu\spring 20\cs 590\lab03\debug\vc141.pdb
c:\users\devas\onedrive - purdue.edu\spring 20\cs 590\lab03\debug\lab3.exe
c:\users\devas\onedrive - purdue.edu\spring 20\cs 590\lab03\debug\lab3.tlog\cl.command.1.tlog
c:\users\devas\onedrive - purdue.edu\spring 20\cs 590\lab03\debug\lab3.tlog\cl.read.1.tlog
c:\users\devas\onedrive - purdue.edu\spring 20\cs 590\lab03\debug\lab3.tlog\cl.write.1.tlog
c:\users\devas\onedrive - purdue.edu\spring 20\cs 590\lab03\debug\lab3.tlog\link.command.1.tlog
c:\users\devas\onedrive - purdue.edu\spring 20\cs 590\lab03\debug\lab3.tlog\link.read.1.tlog
c:\users\devas\onedrive - purdue.edu\spring 20\cs 590\lab03\debug\lab3.tlog\link.write.1.tlog
